[debug] [2025-02-01T15:25:07.315Z] ----------------------------------------------------------------------
[debug] [2025-02-01T15:25:07.319Z] Command:       C:\Program Files\nodejs\node.exe C:\Users\admri\AppData\Roaming\npm\node_modules\firebase-tools\lib\bin\firebase.js deploy
[debug] [2025-02-01T15:25:07.320Z] CLI Version:   13.0.1
[debug] [2025-02-01T15:25:07.320Z] Platform:      win32
[debug] [2025-02-01T15:25:07.320Z] Node Version:  v20.6.1
[debug] [2025-02-01T15:25:07.320Z] Time:          Sat Feb 01 2025 12:25:07 GMT-0300 (Horário Padrão de Brasília)
[debug] [2025-02-01T15:25:07.321Z] ----------------------------------------------------------------------
[debug] 
[debug] [2025-02-01T15:25:07.327Z] >>> [apiv2][query] GET https://firebase-public.firebaseio.com/cli.json [none]
[debug] [2025-02-01T15:25:07.509Z] > command requires scopes: ["email","openid","https://www.googleapis.com/auth/cloudplatformprojects.readonly","https://www.googleapis.com/auth/firebase","https://www.googleapis.com/auth/cloud-platform"]
[debug] [2025-02-01T15:25:07.510Z] > authorizing via signed-in user (helioperesmartinsneto@gmail.com)
[debug] [2025-02-01T15:25:07.510Z] [iam] checking project heliopmart for permissions ["firebase.projects.get","firebasehosting.sites.update"]
[debug] [2025-02-01T15:25:07.511Z] > refreshing access token with scopes: []
[debug] [2025-02-01T15:25:07.513Z] >>> [apiv2][query] POST https://www.googleapis.com/oauth2/v3/token [none]
[debug] [2025-02-01T15:25:07.513Z] >>> [apiv2][body] POST https://www.googleapis.com/oauth2/v3/token [omitted]
[debug] [2025-02-01T15:25:07.896Z] <<< [apiv2][status] GET https://firebase-public.firebaseio.com/cli.json 200
[debug] [2025-02-01T15:25:07.897Z] <<< [apiv2][body] GET https://firebase-public.firebaseio.com/cli.json {"cloudBuildErrorAfter":1594252800000,"cloudBuildWarnAfter":1590019200000,"defaultNode10After":1594252800000,"minVersion":"3.0.5","node8DeploysDisabledAfter":1613390400000,"node8RuntimeDisabledAfter":1615809600000,"node8WarnAfter":1600128000000}
[debug] [2025-02-01T15:25:07.938Z] <<< [apiv2][status] POST https://www.googleapis.com/oauth2/v3/token 200
[debug] [2025-02-01T15:25:07.939Z] <<< [apiv2][body] POST https://www.googleapis.com/oauth2/v3/token [omitted]
[debug] [2025-02-01T15:25:07.969Z] >>> [apiv2][query] POST https://cloudresourcemanager.googleapis.com/v1/projects/heliopmart:testIamPermissions [none]
[debug] [2025-02-01T15:25:07.969Z] >>> [apiv2][(partial)header] POST https://cloudresourcemanager.googleapis.com/v1/projects/heliopmart:testIamPermissions x-goog-quota-user=projects/heliopmart
[debug] [2025-02-01T15:25:07.969Z] >>> [apiv2][body] POST https://cloudresourcemanager.googleapis.com/v1/projects/heliopmart:testIamPermissions {"permissions":["firebase.projects.get","firebasehosting.sites.update"]}
[debug] [2025-02-01T15:25:08.972Z] <<< [apiv2][status] POST https://cloudresourcemanager.googleapis.com/v1/projects/heliopmart:testIamPermissions 200
[debug] [2025-02-01T15:25:08.972Z] <<< [apiv2][body] POST https://cloudresourcemanager.googleapis.com/v1/projects/heliopmart:testIamPermissions {"permissions":["firebase.projects.get","firebasehosting.sites.update"]}
[debug] [2025-02-01T15:25:08.983Z] >>> [apiv2][query] GET https://firebase.googleapis.com/v1beta1/projects/heliopmart [none]
[debug] [2025-02-01T15:25:09.630Z] <<< [apiv2][status] GET https://firebase.googleapis.com/v1beta1/projects/heliopmart 200
[debug] [2025-02-01T15:25:09.630Z] <<< [apiv2][body] GET https://firebase.googleapis.com/v1beta1/projects/heliopmart {"projectId":"heliopmart","projectNumber":"1026122717648","displayName":"heliopmart","name":"projects/heliopmart","resources":{"hostingSite":"heliopmart"},"state":"ACTIVE","etag":"1_c6e30d35-1d72-47df-91b9-a07840b3c1bb"}
[debug] [2025-02-01T15:25:15.182Z] >>> [apiv2][query] GET https://firebasehosting.googleapis.com/v1beta1/projects/heliopmart/sites pageToken=&pageSize=10
[debug] [2025-02-01T15:25:16.430Z] <<< [apiv2][status] GET https://firebasehosting.googleapis.com/v1beta1/projects/heliopmart/sites 200
[debug] [2025-02-01T15:25:16.430Z] <<< [apiv2][body] GET https://firebasehosting.googleapis.com/v1beta1/projects/heliopmart/sites {"sites":[{"name":"projects/heliopmart/sites/heliopmart","defaultUrl":"https://heliopmart.web.app","appId":"1:1026122717648:web:778862027eada7b716c1d5","type":"DEFAULT_SITE"}]}
[debug] [2025-02-01T15:25:16.431Z] >>> [apiv2][query] GET https://firebase.googleapis.com/v1beta1/projects/-/webApps/1:1026122717648:web:778862027eada7b716c1d5/config [none]
[debug] [2025-02-01T15:25:17.594Z] <<< [apiv2][status] GET https://firebase.googleapis.com/v1beta1/projects/-/webApps/1:1026122717648:web:778862027eada7b716c1d5/config 200
[debug] [2025-02-01T15:25:17.594Z] <<< [apiv2][body] GET https://firebase.googleapis.com/v1beta1/projects/-/webApps/1:1026122717648:web:778862027eada7b716c1d5/config {"projectId":"heliopmart","appId":"1:1026122717648:web:778862027eada7b716c1d5","storageBucket":"heliopmart.firebasestorage.app","apiKey":"AIzaSyDRAuHip8y0QK50Xn6FlRIzh_EShDvHdBc","authDomain":"heliopmart.firebaseapp.com","messagingSenderId":"1026122717648","measurementId":"G-B7DLMQ64V3"}
[info] 
   Thank you for trying our early preview of Next.js support on Firebase Hosting.
   During the preview, support is best-effort and breaking changes can be expected. Proceed with caution.
   The integration is known to work with Next.js version 12 - 14.0. You may encounter errors.

   Documentation: https://firebase.google.com/docs/hosting/frameworks/nextjs
   File a bug: https://github.com/firebase/firebase-tools/issues/new?template=bug_report.md
   Submit a feature request: https://github.com/firebase/firebase-tools/issues/new?template=feature_request.md

   We'd love to learn from you. Express your interest in helping us shape the future of Firebase Hosting: https://goo.gle/41enW5X

[info]    ▲ Next.js 15.1.6

[info]    - Environments: .env.local


[info]    Creating an optimized production build ...

[info] uncaughtException [Error: EPERM: operation not permitted, open 'D:\SyncProfileProjects\Projects\Sync_SyncProfileProjects\profileweb\.next\trace'] {
  errno: -4048,
  code: 'EPERM',
  syscall: 'open',
  path: 'D:\\SyncProfileProjects\\Projects\\Sync_SyncProfileProjects\\profileweb\\.next\\trace'
}

[debug] [2025-02-01T15:25:49.687Z] Error: ENOENT: no such file or directory, open 'D:\SyncProfileProjects\Projects\Sync_SyncProfileProjects\profileweb\.next\server\middleware-manifest.json'
[error] 
[error] Error: An unexpected error has occurred.
